<?xml version="1.0" encoding="UTF-8"?>
<testsuite xmlns:xsi="http://www.w3.org/2001/XMLSchema-instance" xsi:noNamespaceSchemaLocation="https://maven.apache.org/surefire/maven-surefire-plugin/xsd/surefire-test-report.xsd" version="3.0.2" name="com.example.MDAI_Proyecto.ArtistaTest" time="4.511" tests="5" errors="0" skipped="0" failures="0">
  <properties>
[...]
</properties>
  <testcase name="artistaSinUsuarioNoSeCreaTest" classname="com.example.MDAI_Proyecto.ArtistaTest" time="0.741">
    <system-out><![CDATA[12:52:51.378 [main] INFO org.springframework.test.context.support.AnnotationConfigContextLoaderUtils -- Could not detect default configuration classes for test class [com.example.MDAI_Proyecto.ArtistaTest]: ArtistaTest does not declare any static, non-private, non-final, nested classes annotated with @Configuration.
12:52:51.533 [main] INFO org.springframework.boot.test.context.SpringBootTestContextBootstrapper -- Found @SpringBootConfiguration com.example.MDAI_Proyecto.MdaiProyectoApplication for test class com.example.MDAI_Proyecto.ArtistaTest

  .   ____          _            __ _ _
 /\\ / ___'_ __ _ _(_)_ __  __ _ \ \ \ \
( ( )\___ | '_ | '_| | '_ \/ _` | \ \ \ \
 \\/  ___)| |_)| | | | | || (_| |  ) ) ) )
  '  |____| .__|_| |_|_| |_\__, | / / / /
 =========|_|==============|___/=/_/_/_/

 :: Spring Boot ::                (v3.5.6)

2025-10-20T12:52:51.984+02:00  INFO 11480 --- [           main] com.example.MDAI_Proyecto.ArtistaTest    : Starting ArtistaTest using Java 24 with PID 11480 (started by Marco in C:\Users\Marco\Desktop\UEx\4� Cuarto\MDAI\MDAI-Final)
2025-10-20T12:52:51.985+02:00  INFO 11480 --- [           main] com.example.MDAI_Proyecto.ArtistaTest    : No active profile set, falling back to 1 default profile: "default"
2025-10-20T12:52:52.387+02:00  INFO 11480 --- [           main] .s.d.r.c.RepositoryConfigurationDelegate : Bootstrapping Spring Data JPA repositories in DEFAULT mode.
2025-10-20T12:52:52.450+02:00  INFO 11480 --- [           main] .s.d.r.c.RepositoryConfigurationDelegate : Finished Spring Data repository scanning in 52 ms. Found 4 JPA repository interfaces.
2025-10-20T12:52:52.521+02:00  INFO 11480 --- [           main] beddedDataSourceBeanFactoryPostProcessor : Replacing 'dataSource' DataSource bean with embedded version
2025-10-20T12:52:52.644+02:00  INFO 11480 --- [           main] o.s.j.d.e.EmbeddedDatabaseFactory        : Starting embedded database: url='jdbc:h2:mem:b5186361-936a-4b5f-a61a-303c304e2363;DB_CLOSE_DELAY=-1;DB_CLOSE_ON_EXIT=false', username='sa'
2025-10-20T12:52:52.947+02:00  INFO 11480 --- [           main] o.hibernate.jpa.internal.util.LogHelper  : HHH000204: Processing PersistenceUnitInfo [name: default]
2025-10-20T12:52:53.013+02:00  INFO 11480 --- [           main] org.hibernate.Version                    : HHH000412: Hibernate ORM core version 6.6.29.Final
2025-10-20T12:52:53.051+02:00  INFO 11480 --- [           main] o.h.c.internal.RegionFactoryInitiator    : HHH000026: Second-level cache disabled
2025-10-20T12:52:53.371+02:00  INFO 11480 --- [           main] o.s.o.j.p.SpringPersistenceUnitInfo      : No LoadTimeWeaver setup: ignoring JPA class transformer
2025-10-20T12:52:53.454+02:00  INFO 11480 --- [           main] org.hibernate.orm.connections.pooling    : HHH10001005: Database info:
	Database JDBC URL [Connecting through datasource 'org.springframework.jdbc.datasource.embedded.EmbeddedDatabaseFactory$EmbeddedDataSourceProxy@9e30f9a']
	Database driver: undefined/unknown
	Database version: 2.3.232
	Autocommit mode: undefined/unknown
	Isolation level: undefined/unknown
	Minimum pool size: undefined/unknown
	Maximum pool size: undefined/unknown
2025-10-20T12:52:54.301+02:00  INFO 11480 --- [           main] o.h.e.t.j.p.i.JtaPlatformInitiator       : HHH000489: No JTA platform available (set 'hibernate.transaction.jta.platform' to enable JTA platform integration)
Hibernate: drop table if exists artista cascade 
Hibernate: drop table if exists cancion cascade 
Hibernate: drop table if exists cancion_playlist cascade 
Hibernate: drop table if exists playlist cascade 
Hibernate: drop table if exists solicitud_verificacion cascade 
Hibernate: drop table if exists usuario cascade 
Hibernate: create table artista (id_usuario bigint not null, biografia varchar(255), primary key (id_usuario))
Hibernate: create table cancion (fecha_subida timestamp(6), id_artista bigint, id_cancion bigint generated by default as identity, archivo_audio varchar(255), duracion varchar(255), genero varchar(255), titulo varchar(255) not null, primary key (id_cancion))
Hibernate: create table cancion_playlist (id_playlist integer not null, orden integer not null, id bigint generated by default as identity, id_cancion bigint not null, primary key (id), unique (id_cancion, id_playlist))
Hibernate: create table playlist (id_playlist integer generated by default as identity, fecha_creacion timestamp(6), id_usuario bigint, descripcion varchar(255), nombre varchar(255) not null, primary key (id_playlist))
Hibernate: create table solicitud_verificacion (id_solicitud integer generated by default as identity, fecha_solicitud timestamp(6), id_usuario bigint, estado varchar(255), mensaje_verificacion varchar(255) not null, primary key (id_solicitud))
Hibernate: create table usuario (id bigint generated by default as identity, email varchar(255) not null unique, password varchar(255) not null, username varchar(255) not null unique, primary key (id))
Hibernate: alter table if exists artista add constraint FK6upqxudyejhuvoe6nq3gltemc foreign key (id_usuario) references usuario
Hibernate: alter table if exists cancion add constraint FK7o3hjn3jt230ojsygc6drl5fs foreign key (id_artista) references artista
Hibernate: alter table if exists cancion_playlist add constraint FKjvd99uigje6rrrybm59lal8jb foreign key (id_cancion) references cancion
Hibernate: alter table if exists cancion_playlist add constraint FK6t7bu825ebau9qrlynbaxwuf foreign key (id_playlist) references playlist
Hibernate: alter table if exists playlist add constraint FK661qwbrq7rr4xyj61s8ra86oe foreign key (id_usuario) references usuario
Hibernate: alter table if exists solicitud_verificacion add constraint FK7bbiebcffoc7qn4g64v1gxdvu foreign key (id_usuario) references usuario
2025-10-20T12:52:54.360+02:00  INFO 11480 --- [           main] j.LocalContainerEntityManagerFactoryBean : Initialized JPA EntityManagerFactory for persistence unit 'default'
2025-10-20T12:52:54.776+02:00  INFO 11480 --- [           main] com.example.MDAI_Proyecto.ArtistaTest    : Started ArtistaTest in 3.181 seconds (process running for 4.113)
Excepción capturada correctamente al intentar guardar un artista sin usuario: attempted to assign id from null one-to-one property [com.example.MDAI_Proyecto.data.model.Artista.usuario]
Hibernate: select count(*) from artista a1_0
]]></system-out>
    <system-err><![CDATA[Mockito is currently self-attaching to enable the inline-mock-maker. This will no longer work in future releases of the JDK. Please add Mockito as an agent to your build as described in Mockito's documentation: https://javadoc.io/doc/org.mockito/mockito-core/latest/org.mockito/org/mockito/Mockito.html#0.3
WARNING: A Java agent has been loaded dynamically (C:\Users\Marco\.m2\repository\net\bytebuddy\byte-buddy-agent\1.17.7\byte-buddy-agent-1.17.7.jar)
WARNING: If a serviceability tool is in use, please run with -XX:+EnableDynamicAgentLoading to hide this warning
WARNING: If a serviceability tool is not in use, please run with -Djdk.instrument.traceUsage for more information
WARNING: Dynamic loading of agents will be disallowed by default in a future release
]]></system-err>
  </testcase>
  <testcase name="findByUsuarioEmailTest" classname="com.example.MDAI_Proyecto.ArtistaTest" time="0.119">
    <system-out><![CDATA[Hibernate: insert into usuario (email,password,username,id) values (?,?,?,default)
Hibernate: insert into artista (biografia,id_usuario) values (?,?)
Hibernate: insert into usuario (email,password,username,id) values (?,?,?,default)
Hibernate: insert into artista (biografia,id_usuario) values (?,?)
Hibernate: select a1_0.id_usuario,a1_0.biografia from artista a1_0 left join usuario u1_0 on u1_0.id=a1_0.id_usuario where u1_0.email=?
Hibernate: select a1_0.id_usuario,a1_0.biografia from artista a1_0 left join usuario u1_0 on u1_0.id=a1_0.id_usuario where u1_0.email=?
Hibernate: select a1_0.id_usuario,a1_0.biografia from artista a1_0 left join usuario u1_0 on u1_0.id=a1_0.id_usuario where u1_0.email=?
Hibernate: select a1_0.id_usuario,a1_0.biografia from artista a1_0
Hibernate: select u1_0.id,u1_0.email,u1_0.password,u1_0.username from usuario u1_0
Hibernate: delete from artista where id_usuario=?
Hibernate: delete from artista where id_usuario=?
Hibernate: delete from usuario where id=?
Hibernate: delete from usuario where id=?
Hibernate: select count(*) from artista a1_0
Hibernate: select count(*) from usuario u1_0
]]></system-out>
  </testcase>
  <testcase name="crearArtistaComoUsuarioTest" classname="com.example.MDAI_Proyecto.ArtistaTest" time="0.022">
    <system-out><![CDATA[Hibernate: select a1_0.id_usuario,a1_0.biografia from artista a1_0
Hibernate: select u1_0.id,u1_0.email,u1_0.password,u1_0.username from usuario u1_0
Hibernate: insert into usuario (email,password,username,id) values (?,?,?,default)
Hibernate: insert into artista (biografia,id_usuario) values (?,?)
Hibernate: insert into usuario (email,password,username,id) values (?,?,?,default)
Excepción capturada correctamente al intentar duplicar un artista: A different object with the same identifier value was already associated with the session: [com.example.MDAI_Proyecto.data.model.Artista#3]
Hibernate: insert into artista (biografia,id_usuario) values (?,?)
Hibernate: select a1_0.id_usuario,a1_0.biografia from artista a1_0
Hibernate: select u1_0.id,u1_0.email,u1_0.password,u1_0.username from usuario u1_0
Hibernate: delete from artista where id_usuario=?
Hibernate: delete from artista where id_usuario=?
Hibernate: delete from usuario where id=?
Hibernate: delete from usuario where id=?
Hibernate: select count(*) from artista a1_0
Hibernate: select count(*) from usuario u1_0
]]></system-out>
  </testcase>
  <testcase name="artistaCancionesTest" classname="com.example.MDAI_Proyecto.ArtistaTest" time="0.039">
    <system-out><![CDATA[Hibernate: insert into usuario (email,password,username,id) values (?,?,?,default)
Hibernate: insert into artista (biografia,id_usuario) values (?,?)
Hibernate: insert into cancion (archivo_audio,id_artista,duracion,fecha_subida,genero,titulo,id_cancion) values (?,?,?,?,?,?,default)
Hibernate: insert into usuario (email,password,username,id) values (?,?,?,default)
Hibernate: insert into artista (biografia,id_usuario) values (?,?)
Hibernate: insert into cancion (archivo_audio,id_artista,duracion,fecha_subida,genero,titulo,id_cancion) values (?,?,?,?,?,?,default)
Excepción capturada correctamente al intentar asignar una canción a dos artistas: La canción ya pertenece a otro artista
Hibernate: select a1_0.id_usuario,a1_0.biografia from artista a1_0
Hibernate: select u1_0.id,u1_0.email,u1_0.password,u1_0.username from usuario u1_0
Hibernate: delete from cancion where id_cancion=?
Hibernate: delete from artista where id_usuario=?
Hibernate: delete from cancion where id_cancion=?
Hibernate: delete from artista where id_usuario=?
Hibernate: delete from usuario where id=?
Hibernate: delete from usuario where id=?
Hibernate: select count(*) from artista a1_0
Hibernate: select count(*) from usuario u1_0
]]></system-out>
  </testcase>
  <testcase name="findByUsuarioUsernameTest" classname="com.example.MDAI_Proyecto.ArtistaTest" time="0.028">
    <system-out><![CDATA[Hibernate: insert into usuario (email,password,username,id) values (?,?,?,default)
Hibernate: insert into artista (biografia,id_usuario) values (?,?)
Hibernate: insert into usuario (email,password,username,id) values (?,?,?,default)
Hibernate: insert into artista (biografia,id_usuario) values (?,?)
Hibernate: select a1_0.id_usuario,a1_0.biografia from artista a1_0 left join usuario u1_0 on u1_0.id=a1_0.id_usuario where u1_0.username=?
Hibernate: select a1_0.id_usuario,a1_0.biografia from artista a1_0 left join usuario u1_0 on u1_0.id=a1_0.id_usuario where u1_0.username=?
Hibernate: select a1_0.id_usuario,a1_0.biografia from artista a1_0 left join usuario u1_0 on u1_0.id=a1_0.id_usuario where u1_0.username=?
Hibernate: select a1_0.id_usuario,a1_0.biografia from artista a1_0
Hibernate: select u1_0.id,u1_0.email,u1_0.password,u1_0.username from usuario u1_0
Hibernate: delete from artista where id_usuario=?
Hibernate: delete from artista where id_usuario=?
Hibernate: delete from usuario where id=?
Hibernate: delete from usuario where id=?
Hibernate: select count(*) from artista a1_0
Hibernate: select count(*) from usuario u1_0
]]></system-out>
  </testcase>
</testsuite>